[2017-01-06 15:41:57] my_logger.INFO: Tictactoe invoked [] []
[2017-01-06 22:35:25] my_logger.INFO: Tictactoe invoked [] []
[2017-01-06 22:35:46] my_logger.INFO: Tictactoe invoked [] []
[2017-01-06 22:36:34] my_logger.INFO: Tictactoe invoked [] []
[2017-01-06 22:36:37] my_logger.INFO: Tictactoe invoked [] []
[2017-01-06 22:37:14] my_logger.INFO: Tictactoe invoked [] []
[2017-01-06 22:37:18] my_logger.INFO: Tictactoe invoked [] []
[2017-01-06 22:38:21] my_logger.INFO: Tictactoe invoked [] []
[2017-01-06 22:38:35] my_logger.INFO: Tictactoe invoked [] []
[2017-01-06 22:38:53] my_logger.INFO: Tictactoe invoked [] []
[2017-01-06 22:59:48] my_logger.INFO: N; [] []
[2017-01-06 23:01:01] my_logger.INFO: a:1:{s:4:"name";s:7:"rolando";} [] []
[2017-01-06 23:07:08] my_logger.INFO: a:0:{} [] []
[2017-01-06 23:07:22] my_logger.INFO: a:1:{s:8:"camaleon";s:9:"something";} [] []
[2017-01-06 23:07:42] my_logger.INFO: a:1:{s:8:"camaleon";s:9:"something";} [] []
[2017-01-08 00:18:04] my_logger.INFO: a:9:{s:5:"token";s:24:"gIkuvaNzQIHg97ATvDxqgjtO";s:7:"team_id";s:5:"T0001";s:11:"team_domain";s:7:"example";s:10:"channel_id";s:11:"C2147483705";s:12:"channel_name";s:4:"test";s:7:"user_id";s:11:"U2147483697";s:9:"user_name";s:6:"roloum";s:7:"command";s:4:"/ttt";s:4:"text";s:13:"@guesthotmail";} [] []
[2017-01-08 00:53:37] my_logger.INFO: Tictactoe POST method invoked: {"token":"gIkuvaNzQIHg97ATvDxqgjtO","team_id":"T0001","team_domain":"example","channel_id":"C2147483705","channel_name":"test","user_id":"U2147483697","user_name":"roloum","command":"\/ttt","text":"@guesthotmail"} [] []
[2017-01-08 00:54:46] my_logger.INFO: Tictactoe POST method invoked: {"token":"gIkuvaNzQIHg97ATvDxqgjtO","team_id":"T0001","team_domain":"example","channel_id":"C2147483705","channel_name":"test","user_id":"U2147483697","user_name":"roloum","command":"\/ttt","text":"@guesthotmail"} [] []
[2017-01-08 00:55:52] my_logger.INFO: Tictactoe POST method invoked: {"token":"gIkuvaNzQIHg97ATvDxqgjtO","team_id":"T0001","team_domain":"example","channel_id":"C2147483705","channel_name":"test","user_id":"U2147483697","user_name":"roloum","command":"\/ttt","text":"@guesthotmail"} [] []
[2017-01-08 00:56:25] my_logger.INFO: Tictactoe POST method invoked: {"token":"gIkuvaNzQIHg97ATvDxqgjtO","team_id":"T0001","team_domain":"example","channel_id":"C2147483705","channel_name":"test","user_id":"U2147483697","user_name":"roloum","command":"\/ttt","text":"@guesthotmail"} [] []
[2017-01-08 00:57:40] my_logger.INFO: Tictactoe POST method invoked: {"token":"gIkuvaNzQIHg97ATvDxqgjtO","team_id":"T0001","team_domain":"example","channel_id":"C2147483705","channel_name":"test","user_id":"U2147483697","user_name":"roloum","command":"\/ttt","text":"@guesthotmail"} [] []
[2017-01-08 01:01:35] my_logger.INFO: Tictactoe POST method invoked: {"token":"gIkuvaNzQIHg97ATvDxqgjtO","team_id":"T0001","team_domain":"example","channel_id":"C2147483705","channel_name":"test","user_id":"U2147483697","user_name":"roloum","command":"\/ttt","text":"@guesthotmail"} [] []
[2017-01-08 01:02:35] my_logger.INFO: Tictactoe POST method invoked: {"token":"gIkuvaNzQIHg97ATvDxqgjtO","team_id":"T0001","team_domain":"example","channel_id":"C2147483705","channel_name":"test","user_id":"U2147483697","user_name":"roloum","command":"\/ttt","text":"@guesthotmail"} [] []
[2017-01-08 01:07:13] my_logger.INFO: Tictactoe POST method invoked: {"token":"gIkuvaNzQIHg97ATvDxqgjtO","team_id":"T0001","team_domain":"example","channel_id":"C2147483705","channel_name":"test","user_id":"U2147483697","user_name":"roloum","command":"\/ttt","text":"@guesthotmail"} [] []
[2017-01-08 01:07:44] my_logger.INFO: Tictactoe POST method invoked: {"token":"gIkuvaNzQIHg97ATvDxqgjtO","team_id":"T0001","team_domain":"example","channel_id":"C2147483705","channel_name":"test","user_id":"U2147483697","user_name":"roloum","command":"\/ttt","text":"@guesthotmail"} [] []
[2017-01-08 01:14:23] my_logger.INFO: Tictactoe POST method invoked: {"token":"gIkuvaNzQIHg97ATvDxqgjtO","team_id":"T0001","team_domain":"example","channel_id":"C2147483705","channel_name":"test","user_id":"U2147483697","user_name":"roloum","command":"\/ttt","text":"@guesthotmail"} [] []
[2017-01-08 01:14:23] my_logger.CRITICAL: Configuration file  is not readable [] []
[2017-01-08 01:15:30] my_logger.INFO: Tictactoe POST method invoked: {"token":"gIkuvaNzQIHg97ATvDxqgjtO","team_id":"T0001","team_domain":"example","channel_id":"C2147483705","channel_name":"test","user_id":"U2147483697","user_name":"roloum","command":"\/ttt","text":"@guesthotmail"} [] []
[2017-01-08 01:18:29] my_logger.INFO: Tictactoe POST method invoked: {"token":"gIkuvaNzQIHg97ATvDxqgjtO","team_id":"T0001","team_domain":"example","channel_id":"C2147483705","channel_name":"test","user_id":"U2147483697","user_name":"roloum","command":"\/ttt","text":"@guesthotmail"} [] []
[2017-01-08 01:18:29] my_logger.CRITICAL: Database configuration is not defined [] []
[2017-01-08 01:20:40] my_logger.INFO: Tictactoe POST method invoked: {"token":"gIkuvaNzQIHg97ATvDxqgjtO","team_id":"T0001","team_domain":"example","channel_id":"C2147483705","channel_name":"test","user_id":"U2147483697","user_name":"roloum","command":"\/ttt","text":"@guesthotmail"} [] []
[2017-01-08 01:21:37] my_logger.INFO: Tictactoe POST method invoked: {"token":"gIkuvaNzQIHg97ATvDxqgjtO","team_id":"T0001","team_domain":"example","channel_id":"C2147483705","channel_name":"test","user_id":"U2147483697","user_name":"roloum","command":"\/ttt","text":"@guesthotmail"} [] []
[2017-01-08 01:25:29] my_logger.INFO: Tictactoe POST method invoked: {"token":"gIkuvaNzQIHg97ATvDxqgjtO","team_id":"T0001","team_domain":"example","channel_id":"C2147483705","channel_name":"test","user_id":"U2147483697","user_name":"roloum","command":"\/ttt","text":"@guesthotmail"} [] []
[2017-01-08 01:25:38] my_logger.INFO: Tictactoe POST method invoked: {"token":"gIkuvaNzQIHg97ATvDxqgjtO","team_id":"T0001","team_domain":"example","channel_id":"C2147483705","channel_name":"test","user_id":"U2147483697","user_name":"roloum","command":"\/ttt","text":"@guesthotmail"} [] []
[2017-01-08 04:03:50] my_logger.INFO: Tictactoe POST method invoked: {"token":"gIkuvaNzQIHg97ATvDxqgjtO","team_id":"T0001","team_domain":"example","channel_id":"C2147483705","channel_name":"test","user_id":"U2147483697","user_name":"roloum","command":"\/ttt","text":"@guesthotmail"} [] []
[2017-01-08 04:04:29] my_logger.INFO: Tictactoe POST method invoked: {"token":"gIkuvaNzQIHg97ATvDxqgjtO","team_id":"T0001","team_domain":"example","channel_id":"C2147483705","channel_name":"test","user_id":"U2147483697","user_name":"roloum","command":"\/ttt","text":"@guesthotmail"} [] []
[2017-01-08 04:05:33] my_logger.INFO: Tictactoe POST method invoked: {"token":"gIkuvaNzQIHg97ATvDxqgjtO","team_id":"T0001","team_domain":"example","channel_id":"C2147483705","channel_name":"test","user_id":"U2147483697","user_name":"roloum","command":"\/ttt","text":"@guesthotmail"} [] []
[2017-01-08 04:06:45] my_logger.INFO: Tictactoe POST method invoked: {"token":"gIkuvaNzQIHg97ATvDxqgjtO","team_id":"T0001","team_domain":"example","channel_id":"C2147483705","channel_name":"test","user_id":"U2147483697","user_name":"roloum","command":"\/ttt","text":"@guesthotmail"} [] []
[2017-01-08 04:07:15] my_logger.INFO: Tictactoe POST method invoked: {"token":"gIkuvaNzQIHg97ATvDxqgjtO","team_id":"T0001","team_domain":"example","channel_id":"C2147483705","channel_name":"test","user_id":"U2147483697","user_name":"roloum","command":"\/ttt","text":"@guesthotmail sdsdsd "} [] []
[2017-01-08 04:07:24] my_logger.INFO: Tictactoe POST method invoked: {"token":"gIkuvaNzQIHg97ATvDxqgjtO","team_id":"T0001","team_domain":"example","channel_id":"C2147483705","channel_name":"test","user_id":"U2147483697","user_name":"roloum","command":"\/ttt","text":"@guesthotmail"} [] []
[2017-01-08 04:07:49] my_logger.INFO: Tictactoe POST method invoked: {"token":"gIkuvaNzQIHg97ATvDxqgjtO","team_id":"T0001","team_domain":"example","channel_id":"C2147483705","channel_name":"test","user_id":"U2147483697","user_name":"roloum","command":"\/ttt","text":"@guesthotmail"} [] []
[2017-01-08 04:13:53] my_logger.INFO: Tictactoe POST method invoked: {"token":"gIkuvaNzQIHg97ATvDxqgjtO","team_id":"T0001","team_domain":"example","channel_id":"C2147483705","channel_name":"test","user_id":"U2147483697","user_name":"roloum","command":"\/ttt","text":"@guesthotmail  "} [] []
[2017-01-08 04:13:58] my_logger.INFO: Tictactoe POST method invoked: {"token":"gIkuvaNzQIHg97ATvDxqgjtO","team_id":"T0001","team_domain":"example","channel_id":"C2147483705","channel_name":"test","user_id":"U2147483697","user_name":"roloum","command":"\/ttt","text":"@guesthotmail  d"} [] []
[2017-01-08 04:51:23] my_logger.INFO: Tictactoe POST method invoked: {"token":"gIkuvaNzQIHg97ATvDxqgjtO","team_id":"T0001","team_domain":"example","channel_id":"C2147483705","channel_name":"test","user_id":"U2147483697","user_name":"roloum","command":"\/ttt","text":"@roloum"} [] []
[2017-01-08 04:51:34] my_logger.INFO: Tictactoe POST method invoked: {"token":"gIkuvaNzQIHg97ATvDxqgjtO","team_id":"T0001","team_domain":"example","channel_id":"C2147483705","channel_name":"test","user_id":"U2147483697","user_name":"roloum","command":"\/ttt","text":"@hotmailguest"} [] []
[2017-01-08 05:19:49] my_logger.INFO: Tictactoe POST method invoked: {"token":"gIkuvaNzQIHg97ATvDxqgjtO","team_id":"T0001","team_domain":"example","channel_id":"C2147483705","channel_name":"test","user_id":"U2147483697","user_name":"roloum","command":"\/ttt","text":"@hotmailguest"} [] []
[2017-01-08 05:21:40] my_logger.INFO: Tictactoe POST method invoked: {"token":"gIkuvaNzQIHg97ATvDxqgjtO","team_id":"T0001","team_domain":"example","channel_id":"C2147483705","channel_name":"test","user_id":"U2147483697","user_name":"roloum","command":"\/ttt","text":"@hotmailguest"} [] []
[2017-01-08 05:23:43] my_logger.INFO: Tictactoe POST method invoked: {"token":"gIkuvaNzQIHg97ATvDxqgjtO","team_id":"T0001","team_domain":"example","channel_id":"C2147483705","channel_name":"test","user_id":"U2147483697","user_name":"roloum","command":"\/ttt","text":"@hotmailguest"} [] []
[2017-01-08 05:24:41] my_logger.INFO: Tictactoe POST method invoked: {"token":"gIkuvaNzQIHg97ATvDxqgjtO","team_id":"T0001","team_domain":"example","channel_id":"C2147483705","channel_name":"test","user_id":"U2147483697","user_name":"roloum","command":"\/ttt","text":"@hotmailguest"} [] []
[2017-01-08 05:25:58] my_logger.INFO: Tictactoe POST method invoked: {"token":"gIkuvaNzQIHg97ATvDxqgjtO","team_id":"T0001","team_domain":"example","channel_id":"C2147483705","channel_name":"test","user_id":"U2147483697","user_name":"roloum","command":"\/ttt","text":"@hotmailguest"} [] []
[2017-01-08 06:02:10] my_logger.INFO: Tictactoe POST method invoked: {"token":"gIkuvaNzQIHg97ATvDxqgjtO","team_id":"T0001","team_domain":"example","channel_id":"C2147483705","channel_name":"test","user_id":"U2147483697","user_name":"roloum","command":"\/ttt","text":"@hotmailguest"} [] []
[2017-01-08 06:02:34] my_logger.INFO: Tictactoe POST method invoked: {"token":"gIkuvaNzQIHg97ATvDxqgjtO","team_id":"T0001","team_domain":"example","channel_id":"C2147483705","channel_name":"test","user_id":"U2147483697","user_name":"roloum","command":"\/ttt","text":"@hotmailguest"} [] []
[2017-01-08 06:02:59] my_logger.INFO: Tictactoe POST method invoked: {"token":"gIkuvaNzQIHg97ATvDxqgjtO","team_id":"T0001","team_domain":"example","channel_id":"C2147483705","channel_name":"test","user_id":"U2147483697","user_name":"roloum","command":"\/ttt","text":"@hotmailguest"} [] []
[2017-01-08 06:05:04] my_logger.INFO: Tictactoe POST method invoked: {"token":"gIkuvaNzQIHg97ATvDxqgjtO","team_id":"T0001","team_domain":"example","channel_id":"C2147483705","channel_name":"test","user_id":"U2147483697","user_name":"roloum","command":"\/ttt","text":"@hotmailguest"} [] []
[2017-01-08 06:05:04] my_logger.CRITICAL: You cannot serialize or unserialize PDO instances [] []
[2017-01-08 06:05:50] my_logger.INFO: Tictactoe POST method invoked: {"token":"gIkuvaNzQIHg97ATvDxqgjtO","team_id":"T0001","team_domain":"example","channel_id":"C2147483705","channel_name":"test","user_id":"U2147483697","user_name":"roloum","command":"\/ttt","text":"@hotmailguest"} [] []
[2017-01-08 06:07:27] my_logger.INFO: Tictactoe POST method invoked: {"token":"gIkuvaNzQIHg97ATvDxqgjtO","team_id":"T0001","team_domain":"example","channel_id":"C2147483705","channel_name":"test","user_id":"U2147483697","user_name":"roloum","command":"\/ttt","text":"@hotmailguest"} [] []
[2017-01-08 06:09:02] my_logger.INFO: Tictactoe POST method invoked: {"token":"gIkuvaNzQIHg97ATvDxqgjtO","team_id":"T0001","team_domain":"example","channel_id":"C2147483705","channel_name":"test","user_id":"U2147483697","user_name":"roloum","command":"\/ttt","text":"@hotmailguest"} [] []
[2017-01-08 06:11:25] my_logger.INFO: Tictactoe POST method invoked: {"token":"gIkuvaNzQIHg97ATvDxqgjtO","team_id":"T0001","team_domain":"example","channel_id":"C2147483705","channel_name":"test","user_id":"U2147483697","user_name":"roloum","command":"\/ttt","text":"@hotmailguest"} [] []
[2017-01-08 06:11:45] my_logger.INFO: Tictactoe POST method invoked: {"token":"gIkuvaNzQIHg97ATvDxqgjtO","team_id":"T0001","team_domain":"example","channel_id":"C2147483705","channel_name":"test","user_id":"U2147483697","user_name":"roloum","command":"\/ttt","text":"@hotmailguest"} [] []
[2017-01-08 06:12:09] my_logger.INFO: Tictactoe POST method invoked: {"token":"gIkuvaNzQIHg97ATvDxqgjtO","team_id":"T0001","team_domain":"example","channel_id":"C2147483705","channel_name":"test","user_id":"U2147483697","user_name":"roloum","command":"\/ttt","text":"@hotmailguest"} [] []
[2017-01-08 06:12:28] my_logger.INFO: Tictactoe POST method invoked: {"token":"gIkuvaNzQIHg97ATvDxqgjtO","team_id":"T0001","team_domain":"example","channel_id":"C2147483705","channel_name":"test","user_id":"U2147483697","user_name":"roloum","command":"\/ttt","text":"@hotmailguest"} [] []
[2017-01-08 06:53:43] my_logger.INFO: Tictactoe POST method invoked: {"token":"gIkuvaNzQIHg97ATvDxqgjtO","team_id":"T0001","team_domain":"example","channel_id":"C2147483705","channel_name":"test","user_id":"U2147483697","user_name":"roloum","command":"\/ttt","text":"@hotmailguest"} [] []
[2017-01-08 06:54:28] my_logger.INFO: Tictactoe POST method invoked: {"token":"gIkuvaNzQIHg97ATvDxqgjtO","team_id":"T0001","team_domain":"example","channel_id":"C2147483705","channel_name":"test","user_id":"U2147483697","user_name":"roloum","command":"\/ttt","text":"@hotmailguest"} [] []
[2017-01-08 06:55:16] my_logger.INFO: Tictactoe POST method invoked: {"token":"gIkuvaNzQIHg97ATvDxqgjtO","team_id":"T0001","team_domain":"example","channel_id":"C2147483705","channel_name":"test","user_id":"U2147483697","user_name":"roloum","command":"\/ttt","text":"@hotmailguest"} [] []
[2017-01-08 06:57:27] my_logger.INFO: Tictactoe POST method invoked: {"token":"gIkuvaNzQIHg97ATvDxqgjtO","team_id":"T0001","team_domain":"example","channel_id":"C2147483705","channel_name":"test","user_id":"U2147483697","user_name":"roloum","command":"\/ttt","text":"@hotmailguest"} [] []
[2017-01-08 06:57:54] my_logger.INFO: Tictactoe POST method invoked: {"token":"gIkuvaNzQIHg97ATvDxqgjtO","team_id":"T0001","team_domain":"example","channel_id":"C2147483705","channel_name":"test","user_id":"U2147483697","user_name":"roloum","command":"\/ttt","text":"@hotmailguest"} [] []
[2017-01-08 06:58:40] my_logger.INFO: Tictactoe POST method invoked: {"token":"gIkuvaNzQIHg97ATvDxqgjtO","team_id":"T0001","team_domain":"example","channel_id":"C2147483705","channel_name":"test","user_id":"U2147483697","user_name":"roloum","command":"\/ttt","text":"@hotmailguest"} [] []
[2017-01-08 06:59:35] my_logger.INFO: Tictactoe POST method invoked: {"token":"gIkuvaNzQIHg97ATvDxqgjtO","team_id":"T0001","team_domain":"example","channel_id":"C2147483705","channel_name":"test","user_id":"U2147483697","user_name":"roloum","command":"\/ttt","text":"@hotmailguest"} [] []
[2017-01-08 07:02:04] my_logger.INFO: Tictactoe POST method invoked: {"token":"gIkuvaNzQIHg97ATvDxqgjtO","team_id":"T0001","team_domain":"example","channel_id":"C2147483705","channel_name":"test","user_id":"U2147483697","user_name":"roloum","command":"\/ttt","text":"@hotmailguest"} [] []
[2017-01-08 07:02:24] my_logger.INFO: Tictactoe POST method invoked: {"token":"gIkuvaNzQIHg97ATvDxqgjtO","team_id":"T0001","team_domain":"example","channel_id":"C2147483705","channel_name":"test","user_id":"U2147483697","user_name":"roloum","command":"\/ttt","text":"@hotmailguest"} [] []
[2017-01-08 07:03:28] my_logger.INFO: Tictactoe POST method invoked: {"token":"gIkuvaNzQIHg97ATvDxqgjtO","team_id":"T0001","team_domain":"example","channel_id":"C2147483705","channel_name":"test","user_id":"U2147483697","user_name":"roloum","command":"\/ttt","text":"@hotmailguest"} [] []
[2017-01-08 07:03:45] my_logger.INFO: Tictactoe POST method invoked: {"token":"gIkuvaNzQIHg97ATvDxqgjtO","team_id":"T0001","team_domain":"example","channel_id":"C2147483705","channel_name":"test","user_id":"U2147483697","user_name":"roloum","command":"\/ttt","text":"@hotmailguest"} [] []
[2017-01-08 07:20:15] my_logger.INFO: Tictactoe POST method invoked: {"token":"gIkuvaNzQIHg97ATvDxqgjtO","team_id":"T0001","team_domain":"example","channel_id":"C2147483705","channel_name":"test","user_id":"U2147483697","user_name":"roloum","command":"\/ttt","text":"@hotmailguest"} [] []
[2017-01-08 07:22:21] my_logger.INFO: Tictactoe POST method invoked: {"token":"gIkuvaNzQIHg97ATvDxqgjtO","team_id":"T0001","team_domain":"example","channel_id":"C2147483705","channel_name":"test","user_id":"U2147483697","user_name":"roloum","command":"\/ttt","text":"@hotmailguest"} [] []
[2017-01-08 07:23:02] my_logger.INFO: Tictactoe POST method invoked: {"token":"gIkuvaNzQIHg97ATvDxqgjtO","team_id":"T0001","team_domain":"example","channel_id":"C2147483705","channel_name":"test","user_id":"U2147483697","user_name":"roloum","command":"\/ttt","text":"@hotmailguest"} [] []
[2017-01-08 07:23:33] my_logger.INFO: Tictactoe POST method invoked: {"token":"gIkuvaNzQIHg97ATvDxqgjtO","team_id":"T0001","team_domain":"example","channel_id":"C2147483705","channel_name":"test","user_id":"U2147483697","user_name":"roloum","command":"\/ttt","text":"@hotmailguest"} [] []
[2017-01-08 07:24:16] my_logger.INFO: Tictactoe POST method invoked: {"token":"gIkuvaNzQIHg97ATvDxqgjtO","team_id":"T0001","team_domain":"example","channel_id":"C2147483705","channel_name":"test","user_id":"U2147483697","user_name":"roloum","command":"\/ttt","text":"@hotmailguest"} [] []
[2017-01-08 07:24:35] my_logger.INFO: Tictactoe POST method invoked: {"token":"gIkuvaNzQIHg97ATvDxqgjtO","team_id":"T0001","team_domain":"example","channel_id":"C2147483705","channel_name":"test","user_id":"U2147483697","user_name":"roloum","command":"\/ttt","text":"@hotmailguest"} [] []
[2017-01-08 07:26:19] my_logger.INFO: Tictactoe POST method invoked: {"token":"gIkuvaNzQIHg97ATvDxqgjtO","team_id":"T0001","team_domain":"example","channel_id":"C2147483705","channel_name":"test","user_id":"U2147483697","user_name":"roloum","command":"\/ttt","text":"@hotmailguest"} [] []
[2017-01-08 07:28:13] my_logger.INFO: Tictactoe POST method invoked: {"token":"gIkuvaNzQIHg97ATvDxqgjtO","team_id":"T0001","team_domain":"example","channel_id":"C2147483705","channel_name":"test","user_id":"U2147483697","user_name":"roloum","command":"\/ttt","text":"@hotmailguest"} [] []
[2017-01-08 07:29:30] my_logger.INFO: Tictactoe POST method invoked: {"token":"gIkuvaNzQIHg97ATvDxqgjtO","team_id":"T0001","team_domain":"example","channel_id":"C2147483705","channel_name":"test","user_id":"U2147483697","user_name":"roloum","command":"\/ttt","text":"@hotmailguest"} [] []
[2017-01-08 07:30:22] my_logger.INFO: Tictactoe POST method invoked: {"token":"gIkuvaNzQIHg97ATvDxqgjtO","team_id":"T0001","team_domain":"example","channel_id":"C2147483705","channel_name":"test","user_id":"U2147483697","user_name":"roloum","command":"\/ttt","text":"@hotmailguest"} [] []
[2017-01-08 07:30:31] my_logger.INFO: Tictactoe POST method invoked: {"token":"gIkuvaNzQIHg97ATvDxqgjtO","team_id":"T0001","team_domain":"example","channel_id":"C2147483705","channel_name":"test","user_id":"U2147483697","user_name":"roloum","command":"\/ttt","text":"@hotmailguest"} [] []
[2017-01-08 07:31:50] my_logger.INFO: Tictactoe POST method invoked: {"token":"gIkuvaNzQIHg97ATvDxqgjtO","team_id":"T0001","team_domain":"example","channel_id":"C2147483705","channel_name":"test","user_id":"U2147483697","user_name":"roloum","command":"\/ttt","text":"@hotmailguest"} [] []
[2017-01-08 07:32:06] my_logger.INFO: Tictactoe POST method invoked: {"token":"gIkuvaNzQIHg97ATvDxqgjtO","team_id":"T0001","team_domain":"example","channel_id":"C2147483705","channel_name":"test","user_id":"U2147483697","user_name":"roloum","command":"\/ttt","text":"@hotmailguest"} [] []
[2017-01-08 07:35:21] my_logger.INFO: Tictactoe POST method invoked: {"token":"gIkuvaNzQIHg97ATvDxqgjtO","team_id":"T0001","team_domain":"example","channel_id":"C2147483705","channel_name":"test","user_id":"U2147483697","user_name":"roloum","command":"\/ttt","text":"@hotmailguest"} [] []
[2017-01-08 07:36:47] my_logger.INFO: Tictactoe POST method invoked: {"token":"gIkuvaNzQIHg97ATvDxqgjtO","team_id":"T0001","team_domain":"example","channel_id":"C2147483705","channel_name":"test","user_id":"U2147483697","user_name":"roloum","command":"\/ttt","text":"@hotmailguest"} [] []
[2017-01-08 07:37:22] my_logger.INFO: Tictactoe POST method invoked: {"token":"gIkuvaNzQIHg97ATvDxqgjtO","team_id":"T0001","team_domain":"example","channel_id":"C2147483705","channel_name":"test","user_id":"U2147483697","user_name":"roloum","command":"\/ttt","text":"@hotmailguest"} [] []
[2017-01-08 07:38:39] my_logger.INFO: Tictactoe POST method invoked: {"token":"gIkuvaNzQIHg97ATvDxqgjtO","team_id":"T0001","team_domain":"example","channel_id":"C2147483705","channel_name":"test","user_id":"U2147483697","user_name":"roloum","command":"\/ttt","text":"@hotmailguest"} [] []
[2017-01-08 07:42:24] my_logger.INFO: Tictactoe POST method invoked: {"token":"gIkuvaNzQIHg97ATvDxqgjtO","team_id":"T0001","team_domain":"example","channel_id":"C2147483705","channel_name":"test","user_id":"U2147483697","user_name":"roloum","command":"\/ttt","text":"@hotmailguest"} [] []
[2017-01-08 07:44:14] my_logger.INFO: Tictactoe POST method invoked: {"token":"gIkuvaNzQIHg97ATvDxqgjtO","team_id":"T0001","team_domain":"example","channel_id":"C2147483705","channel_name":"test","user_id":"U2147483697","user_name":"roloum","command":"\/ttt","text":"@hotmailguest"} [] []
[2017-01-08 07:44:25] my_logger.INFO: Tictactoe POST method invoked: {"token":"gIkuvaNzQIHg97ATvDxqgjtO","team_id":"T0001","team_domain":"example","channel_id":"C2147483705","channel_name":"test","user_id":"U2147483697","user_name":"roloum","command":"\/ttt","text":"@hotmailguest"} [] []
[2017-01-08 08:20:57] my_logger.INFO: Tictactoe POST method invoked: {"token":"gIkuvaNzQIHg97ATvDxqgjtO","team_id":"T0001","team_domain":"example","channel_id":"C2147483705","channel_name":"test","user_id":"U2147483697","user_name":"roloum","command":"\/ttt","text":"@hotmailguest"} [] []
[2017-01-08 08:20:59] my_logger.INFO: Tictactoe POST method invoked: {"token":"gIkuvaNzQIHg97ATvDxqgjtO","team_id":"T0001","team_domain":"example","channel_id":"C2147483705","channel_name":"test","user_id":"U2147483697","user_name":"roloum","command":"\/ttt","text":"@hotmailguest"} [] []
[2017-01-08 08:21:01] my_logger.INFO: Tictactoe POST method invoked: {"token":"gIkuvaNzQIHg97ATvDxqgjtO","team_id":"T0001","team_domain":"example","channel_id":"C2147483705","channel_name":"test","user_id":"U2147483697","user_name":"roloum","command":"\/ttt","text":"@hotmailguest"} [] []
[2017-01-08 08:21:01] my_logger.INFO: Tictactoe POST method invoked: {"token":"gIkuvaNzQIHg97ATvDxqgjtO","team_id":"T0001","team_domain":"example","channel_id":"C2147483705","channel_name":"test","user_id":"U2147483697","user_name":"roloum","command":"\/ttt","text":"@hotmailguest"} [] []
[2017-01-08 08:36:36] my_logger.INFO: Tictactoe POST method invoked: {"token":"gIkuvaNzQIHg97ATvDxqgjtO","team_id":"T0001","team_domain":"example","channel_id":"C2147483705","channel_name":"test","user_id":"U2147483697","user_name":"roloum","command":"\/ttt","text":"@hotmailguest"} [] []
[2017-01-08 08:37:12] my_logger.INFO: Tictactoe POST method invoked: {"token":"gIkuvaNzQIHg97ATvDxqgjtO","team_id":"T0001","team_domain":"example","channel_id":"C2147483705","channel_name":"test","user_id":"U2147483697","user_name":"roloum","command":"\/ttt","text":"@hotmailguest"} [] []
[2017-01-08 10:03:48] my_logger.INFO: Tictactoe POST method invoked: {"token":"gIkuvaNzQIHg97ATvDxqgjtO","team_id":"T0001","team_domain":"example","channel_id":"C2147483705","channel_name":"test","user_id":"U2147483697","user_name":"roloum","command":"\/ttt","text":"@hotmailguest"} [] []
[2017-01-08 10:06:33] my_logger.INFO: Tictactoe POST method invoked: {"token":"gIkuvaNzQIHg97ATvDxqgjtO","team_id":"T0001","team_domain":"example","channel_id":"C2147483705","channel_name":"test","user_id":"U2147483697","user_name":"roloum","command":"\/ttt","text":"@hotmailguest"} [] []
[2017-01-08 10:07:09] my_logger.INFO: Tictactoe POST method invoked: {"token":"gIkuvaNzQIHg97ATvDxqgjtO","team_id":"T0001","team_domain":"example","channel_id":"C2147483705","channel_name":"test","user_id":"U2147483697","user_name":"roloum","command":"\/ttt","text":"@hotmailguest"} [] []
[2017-01-08 10:08:15] my_logger.INFO: Tictactoe POST method invoked: {"token":"gIkuvaNzQIHg97ATvDxqgjtO","team_id":"T0001","team_domain":"example","channel_id":"C2147483705","channel_name":"test","user_id":"U2147483697","user_name":"roloum","command":"\/ttt","text":"@hotmailguest"} [] []
[2017-01-08 10:10:53] my_logger.INFO: Tictactoe POST method invoked: {"token":"gIkuvaNzQIHg97ATvDxqgjtO","team_id":"T0001","team_domain":"example","channel_id":"C2147483705","channel_name":"test","user_id":"U2147483697","user_name":"roloum","command":"\/ttt","text":"@hotmailguest"} [] []
[2017-01-08 10:22:01] my_logger.INFO: Tictactoe POST method invoked: {"token":"gIkuvaNzQIHg97ATvDxqgjtO","team_id":"T0001","team_domain":"example","channel_id":"C2147483705","channel_name":"test","user_id":"U2147483697","user_name":"roloum","command":"\/ttt","text":"@hotmailguest"} [] []
[2017-01-08 10:22:55] my_logger.INFO: Tictactoe POST method invoked: {"token":"gIkuvaNzQIHg97ATvDxqgjtO","team_id":"T0001","team_domain":"example","channel_id":"C2147483705","channel_name":"test","user_id":"U2147483697","user_name":"roloum","command":"\/ttt","text":"@hotmailguest"} [] []
[2017-01-08 10:24:32] my_logger.INFO: Tictactoe POST method invoked: {"token":"gIkuvaNzQIHg97ATvDxqgjtO","team_id":"T0001","team_domain":"example","channel_id":"C2147483705","channel_name":"test","user_id":"U2147483697","user_name":"roloum","command":"\/ttt","text":"@hotmailguest"} [] []
[2017-01-08 10:24:36] my_logger.INFO: Tictactoe POST method invoked: {"token":"gIkuvaNzQIHg97ATvDxqgjtO","team_id":"T0001","team_domain":"example","channel_id":"C2147483705","channel_name":"test","user_id":"U2147483697","user_name":"roloum","command":"\/ttt","text":"@hotmailguest"} [] []
[2017-01-08 19:16:25] my_logger.INFO: Tictactoe POST method invoked: {"token":"gIkuvaNzQIHg97ATvDxqgjtO","team_id":"T0001","team_domain":"example","channel_id":"C2147483705","channel_name":"test","user_id":"U2147483697","user_name":"roloum","command":"\/ttt","text":"@hotmailguest"} [] []
[2017-01-08 19:17:54] my_logger.INFO: Tictactoe POST method invoked: {"token":"gIkuvaNzQIHg97ATvDxqgjtO","team_id":"T0001","team_domain":"example","channel_id":"C2147483705","channel_name":"test","user_id":"U2147483697","user_name":"roloum","command":"\/ttt","text":"@hotmailguest"} [] []
[2017-01-08 19:17:54] my_logger.CRITICAL: Configuration file  is not readable [] []
[2017-01-08 19:18:10] my_logger.INFO: Tictactoe POST method invoked: {"token":"gIkuvaNzQIHg97ATvDxqgjtO","team_id":"T0001","team_domain":"example","channel_id":"C2147483705","channel_name":"test","user_id":"U2147483697","user_name":"roloum","command":"\/ttt","text":"@hotmailguest"} [] []
[2017-01-08 19:18:10] my_logger.CRITICAL: Configuration file  is not readable [] []
[2017-01-08 19:19:16] my_logger.INFO: Tictactoe POST method invoked: {"token":"gIkuvaNzQIHg97ATvDxqgjtO","team_id":"T0001","team_domain":"example","channel_id":"C2147483705","channel_name":"test","user_id":"U2147483697","user_name":"roloum","command":"\/ttt","text":"@hotmailguest"} [] []
[2017-01-08 19:19:16] my_logger.CRITICAL: Configuration file  is not readable [] []
[2017-01-08 19:20:14] my_logger.INFO: Tictactoe POST method invoked: {"token":"gIkuvaNzQIHg97ATvDxqgjtO","team_id":"T0001","team_domain":"example","channel_id":"C2147483705","channel_name":"test","user_id":"U2147483697","user_name":"roloum","command":"\/ttt","text":"@hotmailguest"} [] []
[2017-01-08 19:20:17] my_logger.INFO: Tictactoe POST method invoked: {"token":"gIkuvaNzQIHg97ATvDxqgjtO","team_id":"T0001","team_domain":"example","channel_id":"C2147483705","channel_name":"test","user_id":"U2147483697","user_name":"roloum","command":"\/ttt","text":"@hotmailguest"} [] []
[2017-01-08 19:20:18] my_logger.INFO: Tictactoe POST method invoked: {"token":"gIkuvaNzQIHg97ATvDxqgjtO","team_id":"T0001","team_domain":"example","channel_id":"C2147483705","channel_name":"test","user_id":"U2147483697","user_name":"roloum","command":"\/ttt","text":"@hotmailguest"} [] []
[2017-01-08 19:20:20] my_logger.INFO: Tictactoe POST method invoked: {"token":"gIkuvaNzQIHg97ATvDxqgjtO","team_id":"T0001","team_domain":"example","channel_id":"C2147483705","channel_name":"test","user_id":"U2147483697","user_name":"roloum","command":"\/ttt","text":"@hotmailguest"} [] []
[2017-01-08 19:20:21] my_logger.INFO: Tictactoe POST method invoked: {"token":"gIkuvaNzQIHg97ATvDxqgjtO","team_id":"T0001","team_domain":"example","channel_id":"C2147483705","channel_name":"test","user_id":"U2147483697","user_name":"roloum","command":"\/ttt","text":"@hotmailguest"} [] []
[2017-01-08 19:20:22] my_logger.INFO: Tictactoe POST method invoked: {"token":"gIkuvaNzQIHg97ATvDxqgjtO","team_id":"T0001","team_domain":"example","channel_id":"C2147483705","channel_name":"test","user_id":"U2147483697","user_name":"roloum","command":"\/ttt","text":"@hotmailguest"} [] []
[2017-01-08 19:20:24] my_logger.INFO: Tictactoe POST method invoked: {"token":"gIkuvaNzQIHg97ATvDxqgjtO","team_id":"T0001","team_domain":"example","channel_id":"C2147483705","channel_name":"test","user_id":"U2147483697","user_name":"roloum","command":"\/ttt","text":"@hotmailguest"} [] []
[2017-01-08 19:20:25] my_logger.INFO: Tictactoe POST method invoked: {"token":"gIkuvaNzQIHg97ATvDxqgjtO","team_id":"T0001","team_domain":"example","channel_id":"C2147483705","channel_name":"test","user_id":"U2147483697","user_name":"roloum","command":"\/ttt","text":"@hotmailguest"} [] []
[2017-01-08 19:20:26] my_logger.INFO: Tictactoe POST method invoked: {"token":"gIkuvaNzQIHg97ATvDxqgjtO","team_id":"T0001","team_domain":"example","channel_id":"C2147483705","channel_name":"test","user_id":"U2147483697","user_name":"roloum","command":"\/ttt","text":"@hotmailguest"} [] []
[2017-01-08 19:20:27] my_logger.INFO: Tictactoe POST method invoked: {"token":"gIkuvaNzQIHg97ATvDxqgjtO","team_id":"T0001","team_domain":"example","channel_id":"C2147483705","channel_name":"test","user_id":"U2147483697","user_name":"roloum","command":"\/ttt","text":"@hotmailguest"} [] []
[2017-01-08 19:34:33] my_logger.INFO: Tictactoe POST method invoked: {"token":"gIkuvaNzQIHg97ATvDxqgjtO","team_id":"T0001","team_domain":"example","channel_id":"C2147483705","channel_name":"test","user_id":"U2147483697","user_name":"roloum","command":"\/ttt","text":"@hotmailguest"} [] []
[2017-01-08 19:35:31] my_logger.INFO: Tictactoe POST method invoked: {"token":"gIkuvaNzQIHg97ATvDxqgjtO","team_id":"T0001","team_domain":"example","channel_id":"C2147483705","channel_name":"test","user_id":"U2147483697","user_name":"roloum","command":"\/ttt","text":"@hotmailguest"} [] []
[2017-01-08 19:35:55] my_logger.INFO: Tictactoe POST method invoked: {"token":"gIkuvaNzQIHg97ATvDxqgjtO","team_id":"T0001","team_domain":"example","channel_id":"C2147483705","channel_name":"test","user_id":"U2147483697","user_name":"roloum","command":"\/ttt","text":"@hotmailguest"} [] []
[2017-01-08 19:38:14] my_logger.INFO: Tictactoe POST method invoked: {"token":"gIkuvaNzQIHg97ATvDxqgjtO","team_id":"T0001","team_domain":"example","channel_id":"C2147483705","channel_name":"test","user_id":"U2147483697","user_name":"roloum","command":"\/ttt","text":"@hotmailguest"} [] []
[2017-01-08 19:39:46] my_logger.INFO: Tictactoe POST method invoked: {"token":"gIkuvaNzQIHg97ATvDxqgjtO","team_id":"T0001","team_domain":"example","channel_id":"C2147483705","channel_name":"test","user_id":"U2147483697","user_name":"roloum","command":"\/ttt","text":"@hotmailguest"} [] []
[2017-01-08 19:40:13] my_logger.INFO: Tictactoe POST method invoked: {"token":"gIkuvaNzQIHg97ATvDxqgjtO","team_id":"T0001","team_domain":"example","channel_id":"C2147483705","channel_name":"test","user_id":"U2147483697","user_name":"roloum","command":"\/ttt","text":"@hotmailguest"} [] []
[2017-01-08 19:43:35] my_logger.INFO: Tictactoe POST method invoked: {"token":"gIkuvaNzQIHg97ATvDxqgjtO","team_id":"T0001","team_domain":"example","channel_id":"C2147483705","channel_name":"test","user_id":"U2147483697","user_name":"roloum","command":"\/ttt","text":"@hotmailguest"} [] []
[2017-01-08 19:45:55] my_logger.INFO: Tictactoe POST method invoked: {"token":"gIkuvaNzQIHg97ATvDxqgjtO","team_id":"T0001","team_domain":"example","channel_id":"C2147483705","channel_name":"test","user_id":"U2147483697","user_name":"roloum","command":"\/ttt","text":"@hotmailguest"} [] []
[2017-01-08 21:20:18] my_logger.INFO: Tictactoe POST method invoked: {"token":"gIkuvaNzQIHg97ATvDxqgjtO","team_id":"T0001","team_domain":"example","channel_id":"C2147483705","channel_name":"test","user_id":"U2147483697","user_name":"roloum","command":"\/ttt","text":"@hotmailguest"} [] []
[2017-01-08 21:20:23] my_logger.INFO: Tictactoe POST method invoked: {"token":"gIkuvaNzQIHg97ATvDxqgjtO","team_id":"T0001","team_domain":"example","channel_id":"C2147483705","channel_name":"test","user_id":"U2147483697","user_name":"roloum","command":"\/ttt","text":"@hotmailguest"} [] []
[2017-01-08 21:20:24] my_logger.INFO: Tictactoe POST method invoked: {"token":"gIkuvaNzQIHg97ATvDxqgjtO","team_id":"T0001","team_domain":"example","channel_id":"C2147483705","channel_name":"test","user_id":"U2147483697","user_name":"roloum","command":"\/ttt","text":"@hotmailguest"} [] []
[2017-01-08 22:32:00] my_logger.INFO: Tictactoe POST method invoked: {"token":"gIkuvaNzQIHg97ATvDxqgjtO","team_id":"T0001","team_domain":"example","channel_id":"C2147483705","channel_name":"test","user_id":"U2147483697","user_name":"roloum","command":"\/ttt","text":"@hotmailguest"} [] []
[2017-01-08 22:55:22] my_logger.INFO: Tictactoe POST method invoked: {"token":"gIkuvaNzQIHg97ATvDxqgjtO","team_id":"T0001","team_domain":"example","channel_id":"C2147483705","channel_name":"test","user_id":"U2147483697","user_name":"roloum","command":"\/ttt","text":"@hotmailguest"} [] []
[2017-01-08 22:56:05] my_logger.INFO: Tictactoe POST method invoked: {"token":"gIkuvaNzQIHg97ATvDxqgjtO","team_id":"T0001","team_domain":"example","channel_id":"C2147483705","channel_name":"test","user_id":"U2147483697","user_name":"roloum","command":"\/ttt","text":"@hotmailguest"} [] []
[2017-01-08 22:56:43] my_logger.INFO: Tictactoe POST method invoked: {"token":"gIkuvaNzQIHg97ATvDxqgjtO","team_id":"T0001","team_domain":"example","channel_id":"C2147483705","channel_name":"test","user_id":"U2147483697","user_name":"roloum","command":"\/ttt","text":"@hotmailguest"} [] []
[2017-01-08 22:57:35] my_logger.INFO: Tictactoe POST method invoked: {"token":"gIkuvaNzQIHg97ATvDxqgjtO","team_id":"T0001","team_domain":"example","channel_id":"C2147483705","channel_name":"test","user_id":"U2147483697","user_name":"roloum","command":"\/ttt","text":"@hotmailguest"} [] []
[2017-01-08 22:57:54] my_logger.INFO: Tictactoe POST method invoked: {"token":"gIkuvaNzQIHg97ATvDxqgjtO","team_id":"T0001","team_domain":"example","channel_id":"C2147483705","channel_name":"test","user_id":"U2147483697","user_name":"roloum","command":"\/ttt","text":"@hotmailguest"} [] []
[2017-01-08 22:58:10] my_logger.INFO: Tictactoe POST method invoked: {"token":"gIkuvaNzQIHg97ATvDxqgjtO","team_id":"T0001","team_domain":"example","channel_id":"C2147483705","channel_name":"test","user_id":"U2147483697","user_name":"roloum","command":"\/ttt","text":"@hotmailguest"} [] []
